[0m2021-03-09 17:44:53 V/Net 2027063275: No BdhSession cache[0m
[0m2021-03-09 17:44:53 V/Net 2027063275: No server list cached.[0m
[92m2021-03-09 17:44:53 I/Net 2027063275: Connected to server 14.215.138.110:8080[0m
[0m2021-03-09 17:44:53 V/Net 2027063275: Send: wtlogin.login[0m
[0m2021-03-09 17:44:53 V/Net 2027063275: Recv: WtLogin.Login.LoginPacketResponse.DeviceLockLogin[0m
[0m2021-03-09 17:44:53 V/Net 2027063275: Send: wtlogin.login[0m
[0m2021-03-09 17:44:53 V/Net 2027063275: Recv: LoginPacketResponse.Success[0m
[92m2021-03-09 17:44:53 I/Net 2027063275: Login successful[0m
[0m2021-03-09 17:44:53 V/Net 2027063275: Send: StatSvc.register[0m
[0m2021-03-09 17:44:53 V/Net 2027063275: Recv: Response(StatSvc.register)[0m
[0m2021-03-09 17:44:53 V/Net 2027063275: Send: StatSvc.register[0m
[92m2021-03-09 17:44:53 I/Net 2027063275: Scheduled key refresh in 5h 55min 0.0s.[0m
[0m2021-03-09 17:44:54 V/Net 2027063275: Recv: Response(StatSvc.register)[0m
[92m2021-03-09 17:44:54 I/Net 2027063275: Start loading stranger list...[0m
[92m2021-03-09 17:44:54 I/Net 2027063275: Awaiting ConfigPushSvc.PushReq.[0m
[92m2021-03-09 17:44:54 I/Net 2027063275: Syncing friend message history...[0m
[0m2021-03-09 17:44:54 V/Net 2027063275: Send: OidbSvc.0x5d2_0[0m
[92m2021-03-09 17:44:54 I/Net 2027063275: Start loading friend list...[0m
[0m2021-03-09 17:44:54 V/Net 2027063275: Send: MessageSvc.PbGetMsg[0m
[0m2021-03-09 17:44:54 V/Net 2027063275: Send: StatSvc.GetDevLoginInfo[0m
[0m2021-03-09 17:44:54 V/Net 2027063275: Send: friendlist.getFriendGroupList[0m
[0m2021-03-09 17:44:54 V/Net 2027063275: Send: OidbSvc.0x496[0m
[0m2021-03-09 17:44:54 V/Net 2027063275: Recv: StrangerList.GetStrangerList.Response(result=0)[0m
[92m2021-03-09 17:44:54 I/Net 2027063275: Successfully loaded stranger list: 0 in total[0m
[0m2021-03-09 17:44:54 V/Net 2027063275: Recv: StatSvc.GetDevLoginInfo.Response(deviceList.size=2)[0m
[0m2021-03-09 17:44:54 V/Net 2027063275: Recv: TroopManagement.GetTroopConfig.Response(true)[0m
[92m2021-03-09 17:44:54 I/Net 2027063275: Start loading group list...[0m
[0m2021-03-09 17:44:54 V/Net 2027063275: Recv: FriendList.GetFriendGroupList.Response[0m
[0m2021-03-09 17:44:54 V/Net 2027063275: Send: friendlist.GetTroopListReqV2[0m
[0m2021-03-09 17:44:54 V/Net 2027063275: Loading friend list: 6/6[0m
[92m2021-03-09 17:44:54 I/Net 2027063275: Successfully loaded friend list: 6 in total[0m
[0m2021-03-09 17:44:54 V/Net 2027063275: Recv: FriendList.GetFriendGroupList.Response[0m
[0m2021-03-09 17:44:54 V/Net 2027063275: Send: friendlist.GetTroopMemberListReq[0m
[0m2021-03-09 17:44:54 V/Net 2027063275: Send: MessageSvc.PbDeleteMsg[0m
[0m2021-03-09 17:44:54 V/Net 2027063275: Recv: FriendList.GetTroopMemberList.Response[0m
[0m2021-03-09 17:44:54 V/Net 2027063275: Send: MessageSvc.PbGetMsg[0m
[0m2021-03-09 17:44:54 V/Net 2027063275: Send: friendlist.GetTroopMemberListReq[0m
[0m2021-03-09 17:44:54 V/Net 2027063275: Send: friendlist.GetTroopMemberListReq[0m
[0m2021-03-09 17:44:54 V/Net 2027063275: Send: friendlist.GetTroopMemberListReq[0m
[0m2021-03-09 17:44:54 V/Net 2027063275: Send: friendlist.GetTroopMemberListReq[0m
[0m2021-03-09 17:44:55 V/Net 2027063275: Send: MessageSvc.PbDeleteMsg[0m
[92m2021-03-09 17:44:55 I/Net 2027063275: Syncing friend message history: Success.[0m
[0m2021-03-09 17:44:55 V/Net 2027063275: Recv: FriendList.GetTroopMemberList.Response[0m
[0m2021-03-09 17:44:55 V/Net 2027063275: Recv: FriendList.GetTroopMemberList.Response[0m
[0m2021-03-09 17:44:55 V/Net 2027063275: Recv: FriendList.GetTroopMemberList.Response[0m
[0m2021-03-09 17:44:55 V/Net 2027063275: Recv: FriendList.GetTroopMemberList.Response[0m
[92m2021-03-09 17:44:55 I/Net 2027063275: Successfully loaded group list: 5 in total.[0m
[96m2021-03-09 17:44:56 D/Net 2027063275: Received unknown commandName: ConfigPushSvc.PushDomain[0m
[0m2021-03-09 17:44:56 V/Net 2027063275: Recv: ConfigPushSvc.PushReq.PushReqResponse.ServerListPush[0m
[92m2021-03-09 17:44:56 I/Net 2027063275: Server list updated.[0m
[0m2021-03-09 17:44:56 V/Net 2027063275: No BdhSession to save to cache[0m
[0m2021-03-09 17:44:56 V/Net 2027063275: Saving server list to cache[0m
[0m2021-03-09 17:44:56 V/Net 2027063275: Send: ConfigPushSvc.PushResp[0m
[0m2021-03-09 17:44:56 V/Net 2027063275: Recv: ConfigPushSvc.PushReq.PushReqResponse.ConfigPush[0m
[0m2021-03-09 17:44:56 V/Net 2027063275: Saving bdh session to cache[0m
[0m2021-03-09 17:44:56 V/Net 2027063275: Send: ConfigPushSvc.PushResp[0m
[92m2021-03-09 17:44:56 I/Net 2027063275: ConfigPushSvc.PushReq: Config updated.[0m
[0m2021-03-09 17:45:37 V/Net 2027063275: Send: MessageSvc.PbSendMsg[0m
[0m2021-03-09 17:45:37 V/Net 2027063275: Recv: MessageSvcPbSendMsg.Response.SUCCESS[0m
[0m2021-03-09 17:45:40 V/Net 2027063275: Send: OnlinePush.RespPush[0m
[0m2021-03-09 17:45:44 V/Net 2027063275: Send: MessageSvc.PbSendMsg[0m
[0m2021-03-09 17:45:44 V/Net 2027063275: Recv: MessageSvcPbSendMsg.Response.SUCCESS[0m
[0m2021-03-09 17:45:48 V/Net 2027063275: Send: OnlinePush.RespPush[0m
[0m2021-03-09 17:45:57 V/Net 2027063275: Send: MessageSvc.PbSendMsg[0m
[0m2021-03-09 17:45:58 V/Net 2027063275: Recv: MessageSvcPbSendMsg.Response.SUCCESS[0m
[0m2021-03-09 17:46:01 V/Net 2027063275: Send: MessageSvc.PbSendMsg[0m
[0m2021-03-09 17:46:01 V/Net 2027063275: Recv: MessageSvcPbSendMsg.Response.SUCCESS[0m
[0m2021-03-09 17:46:10 V/Net 2027063275: Send: MessageSvc.PbSendMsg[0m
[0m2021-03-09 17:46:11 V/Net 2027063275: Recv: MessageSvcPbSendMsg.Response.SUCCESS[0m
[0m2021-03-09 17:49:23 V/Net 2027063275: Send: Heartbeat.Alive[0m
[0m2021-03-09 17:49:23 V/Net 2027063275: Recv: Heartbeat.Alive.Response[0m
[0m2021-03-09 17:53:53 V/Net 2027063275: Send: Heartbeat.Alive[0m
[0m2021-03-09 17:53:53 V/Net 2027063275: Recv: Heartbeat.Alive.Response[0m
[0m2021-03-09 17:55:43 V/Net 2027063275: Send: OnlinePush.RespPush[0m
[0m2021-03-09 17:55:52 V/Net 2027063275: Send: OnlinePush.RespPush[0m
[0m2021-03-09 17:58:23 V/Net 2027063275: Send: Heartbeat.Alive[0m
[0m2021-03-09 17:58:24 V/Net 2027063275: Recv: Heartbeat.Alive.Response[0m
[0m2021-03-09 18:01:38 V/Net 2027063275: Channel closed.[0m
[0m2021-03-09 18:01:38 V/Net 2027063275: Loading BdhSession from cache file[0m
[92m2021-03-09 18:01:38 I/Net 2027063275: Connected to server 109.244.168.39:14000[0m
[0m2021-03-09 18:01:38 V/Net 2027063275: Send: wtlogin.login[0m
[0m2021-03-09 18:01:38 V/Net 2027063275: Recv: WtLogin.Login.LoginPacketResponse.DeviceLockLogin[0m
[0m2021-03-09 18:01:38 V/Net 2027063275: Send: wtlogin.login[0m
[0m2021-03-09 18:01:38 V/Net 2027063275: Recv: LoginPacketResponse.Success[0m
[92m2021-03-09 18:01:38 I/Net 2027063275: Login successful[0m
[0m2021-03-09 18:01:38 V/Net 2027063275: Send: StatSvc.register[0m
[0m2021-03-09 18:01:38 V/Net 2027063275: Recv: Response(StatSvc.register)[0m
[92m2021-03-09 18:01:38 I/Net 2027063275: Scheduled key refresh in 5h 55min 0.0s.[0m
[92m2021-03-09 18:01:38 I/Net 2027063275: Syncing friend message history...[0m
[0m2021-03-09 18:01:38 V/Net 2027063275: Send: MessageSvc.PbGetMsg[0m
[0m2021-03-09 18:01:38 V/Net 2027063275: Send: MessageSvc.PbDeleteMsg[0m
[0m2021-03-09 18:01:38 V/Net 2027063275: Send: MessageSvc.PbGetMsg[0m
[0m2021-03-09 18:01:38 V/Net 2027063275: Send: MessageSvc.PbDeleteMsg[0m
[92m2021-03-09 18:01:38 I/Net 2027063275: Syncing friend message history: Success.[0m
[0m2021-03-09 18:01:41 V/Net 2027063275: Recv: ConfigPushSvc.PushReq.PushReqResponse.ServerListPush[0m
[92m2021-03-09 18:01:41 I/Net 2027063275: Server list updated.[0m
[0m2021-03-09 18:01:41 V/Net 2027063275: Saving bdh session to cache[0m
[0m2021-03-09 18:01:41 V/Net 2027063275: Saving server list to cache[0m
[0m2021-03-09 18:01:41 V/Net 2027063275: Send: ConfigPushSvc.PushResp[0m
[0m2021-03-09 18:01:41 V/Net 2027063275: Recv: ConfigPushSvc.PushReq.PushReqResponse.ConfigPush[0m
[0m2021-03-09 18:01:41 V/Net 2027063275: Saving bdh session to cache[0m
[0m2021-03-09 18:01:41 V/Net 2027063275: Send: ConfigPushSvc.PushResp[0m
[96m2021-03-09 18:01:41 D/Net 2027063275: Received unknown commandName: ConfigPushSvc.PushDomain[0m
[0m2021-03-09 18:03:32 V/Net 2027063275: Send: OnlinePush.RespPush[0m
[0m2021-03-09 18:03:40 V/Net 2027063275: Send: OnlinePush.RespPush[0m
[0m2021-03-09 18:06:08 V/Net 2027063275: Send: Heartbeat.Alive[0m
[0m2021-03-09 18:06:08 V/Net 2027063275: Recv: Heartbeat.Alive.Response[0m
[0m2021-03-09 18:10:38 V/Net 2027063275: Send: Heartbeat.Alive[0m
[0m2021-03-09 18:10:38 V/Net 2027063275: Recv: Heartbeat.Alive.Response[0m
[0m2021-03-09 18:13:17 V/Net 2027063275: Send: MessageSvc.PbSendMsg[0m
[0m2021-03-09 18:13:18 V/Net 2027063275: Recv: MessageSvcPbSendMsg.Response.SUCCESS[0m
[0m2021-03-09 18:13:34 V/Net 2027063275: Send: MessageSvc.PbSendMsg[0m
[0m2021-03-09 18:13:34 V/Net 2027063275: Recv: MessageSvcPbSendMsg.Response.SUCCESS[0m
[0m2021-03-09 18:13:59 V/Net 2027063275: Send: MessageSvc.PbSendMsg[0m
[0m2021-03-09 18:13:59 V/Net 2027063275: Recv: MessageSvcPbSendMsg.Response.SUCCESS[0m
[0m2021-03-09 18:14:03 V/Net 2027063275: Send: MessageSvc.PbSendMsg[0m
[0m2021-03-09 18:14:03 V/Net 2027063275: Recv: MessageSvcPbSendMsg.Response.SUCCESS[0m
[0m2021-03-09 18:14:09 V/Net 2027063275: Send: MessageSvc.PbSendMsg[0m
[0m2021-03-09 18:14:09 V/Net 2027063275: Recv: MessageSvcPbSendMsg.Response.SUCCESS[0m
[0m2021-03-09 18:14:13 V/Net 2027063275: Send: MessageSvc.PbSendMsg[0m
[0m2021-03-09 18:14:14 V/Net 2027063275: Recv: MessageSvcPbSendMsg.Response.SUCCESS[0m
[0m2021-03-09 18:14:20 V/Net 2027063275: Send: MessageSvc.PbSendMsg[0m
[0m2021-03-09 18:14:20 V/Net 2027063275: Recv: MessageSvcPbSendMsg.Response.SUCCESS[0m
[0m2021-03-09 18:15:08 V/Net 2027063275: Send: Heartbeat.Alive[0m
[0m2021-03-09 18:15:08 V/Net 2027063275: Recv: Heartbeat.Alive.Response[0m
[0m2021-03-09 18:19:38 V/Net 2027063275: Send: Heartbeat.Alive[0m
[0m2021-03-09 18:19:38 V/Net 2027063275: Recv: Heartbeat.Alive.Response[0m
[0m2021-03-09 18:22:25 V/Net 2027063275: Send: OnlinePush.RespPush[0m
[0m2021-03-09 18:22:26 V/Net 2027063275: Send: OnlinePush.RespPush[0m
[0m2021-03-09 18:24:08 V/Net 2027063275: Send: Heartbeat.Alive[0m
[0m2021-03-09 18:24:08 V/Net 2027063275: Recv: Heartbeat.Alive.Response[0m
[0m2021-03-09 18:27:27 V/Net 2027063275: Send: OnlinePush.RespPush[0m
[0m2021-03-09 18:27:36 V/Net 2027063275: Send: OnlinePush.RespPush[0m
[0m2021-03-09 18:28:38 V/Net 2027063275: Send: Heartbeat.Alive[0m
[0m2021-03-09 18:28:38 V/Net 2027063275: Recv: Heartbeat.Alive.Response[0m
[0m2021-03-09 18:30:03 V/Net 2027063275: Channel closed.[0m
[0m2021-03-09 18:30:03 V/Net 2027063275: Loading BdhSession from cache file[0m
[92m2021-03-09 18:30:03 I/Net 2027063275: Connected to server 109.244.170.117:14000[0m
[0m2021-03-09 18:30:03 V/Net 2027063275: Send: wtlogin.login[0m
[0m2021-03-09 18:30:03 V/Net 2027063275: Recv: WtLogin.Login.LoginPacketResponse.DeviceLockLogin[0m
[0m2021-03-09 18:30:03 V/Net 2027063275: Send: wtlogin.login[0m
[0m2021-03-09 18:30:03 V/Net 2027063275: Recv: LoginPacketResponse.Success[0m
[92m2021-03-09 18:30:03 I/Net 2027063275: Login successful[0m
[0m2021-03-09 18:30:03 V/Net 2027063275: Send: StatSvc.register[0m
[0m2021-03-09 18:30:03 V/Net 2027063275: Recv: Response(StatSvc.register)[0m
[92m2021-03-09 18:30:03 I/Net 2027063275: Scheduled key refresh in 5h 55min 0.0s.[0m
[92m2021-03-09 18:30:03 I/Net 2027063275: Syncing friend message history...[0m
[0m2021-03-09 18:30:03 V/Net 2027063275: Send: MessageSvc.PbGetMsg[0m
[0m2021-03-09 18:30:03 V/Net 2027063275: Send: MessageSvc.PbDeleteMsg[0m
[0m2021-03-09 18:30:03 V/Net 2027063275: Send: MessageSvc.PbGetMsg[0m
[0m2021-03-09 18:30:03 V/Net 2027063275: Send: MessageSvc.PbDeleteMsg[0m
[92m2021-03-09 18:30:03 I/Net 2027063275: Syncing friend message history: Success.[0m
[0m2021-03-09 18:30:06 V/Net 2027063275: Recv: ConfigPushSvc.PushReq.PushReqResponse.ServerListPush[0m
[92m2021-03-09 18:30:06 I/Net 2027063275: Server list updated.[0m
[0m2021-03-09 18:30:06 V/Net 2027063275: Saving bdh session to cache[0m
[0m2021-03-09 18:30:06 V/Net 2027063275: Saving server list to cache[0m
[0m2021-03-09 18:30:06 V/Net 2027063275: Send: ConfigPushSvc.PushResp[0m
[96m2021-03-09 18:30:06 D/Net 2027063275: Received unknown commandName: ConfigPushSvc.PushDomain[0m
[0m2021-03-09 18:30:06 V/Net 2027063275: Recv: ConfigPushSvc.PushReq.PushReqResponse.ConfigPush[0m
[0m2021-03-09 18:30:06 V/Net 2027063275: Saving bdh session to cache[0m
[0m2021-03-09 18:30:06 V/Net 2027063275: Send: ConfigPushSvc.PushResp[0m
[0m2021-03-09 18:34:33 V/Net 2027063275: Send: Heartbeat.Alive[0m
[0m2021-03-09 18:34:38 V/Net 2027063275: Recv: Heartbeat.Alive.Response[0m
[0m2021-03-09 18:35:19 V/Net 2027063275: Send: OnlinePush.RespPush[0m
[0m2021-03-09 18:35:27 V/Net 2027063275: Send: OnlinePush.RespPush[0m
[0m2021-03-09 18:35:44 V/Net 2027063275: Send: OnlinePush.RespPush[0m
[0m2021-03-09 18:35:52 V/Net 2027063275: Send: OnlinePush.RespPush[0m
[0m2021-03-09 18:39:08 V/Net 2027063275: Send: Heartbeat.Alive[0m
[0m2021-03-09 18:39:13 V/Net 2027063275: Recv: Heartbeat.Alive.Response[0m
[0m2021-03-09 18:39:13 V/Net 2027063275: Send: Heartbeat.Alive[0m
[0m2021-03-09 18:39:13 V/Net 2027063275: Recv: Heartbeat.Alive.Response[0m
[0m2021-03-09 18:40:15 V/Net 2027063275: Send: OnlinePush.RespPush[0m
[0m2021-03-09 18:40:20 V/Net 2027063275: Send: OnlinePush.RespPush[0m
[0m2021-03-09 18:40:24 V/Net 2027063275: Send: OnlinePush.RespPush[0m
[0m2021-03-09 18:40:26 V/Net 2027063275: Send: MessageSvc.PbSendMsg[0m
[0m2021-03-09 18:40:26 V/Net 2027063275: Recv: MessageSvcPbSendMsg.Response.SUCCESS[0m
[0m2021-03-09 18:40:28 V/Net 2027063275: Send: OnlinePush.RespPush[0m
[0m2021-03-09 18:40:30 V/Net 2027063275: Send: MessageSvc.PbSendMsg[0m
[0m2021-03-09 18:40:30 V/Net 2027063275: Recv: MessageSvcPbSendMsg.Response.SUCCESS[0m
[0m2021-03-09 18:40:31 V/Net 2027063275: Send: OnlinePush.RespPush[0m
[0m2021-03-09 18:40:40 V/Net 2027063275: Send: OnlinePush.RespPush[0m
[0m2021-03-09 18:43:43 V/Net 2027063275: Send: Heartbeat.Alive[0m
[0m2021-03-09 18:43:43 V/Net 2027063275: Recv: Heartbeat.Alive.Response[0m
[0m2021-03-09 18:46:48 V/Net 2027063275: Send: OnlinePush.RespPush[0m
[0m2021-03-09 18:46:57 V/Net 2027063275: Send: OnlinePush.RespPush[0m
[0m2021-03-09 18:48:13 V/Net 2027063275: Send: Heartbeat.Alive[0m
[0m2021-03-09 18:48:13 V/Net 2027063275: Recv: Heartbeat.Alive.Response[0m
[0m2021-03-09 18:52:43 V/Net 2027063275: Send: Heartbeat.Alive[0m
[0m2021-03-09 18:52:43 V/Net 2027063275: Recv: Heartbeat.Alive.Response[0m
[0m2021-03-09 18:57:12 V/Net 2027063275: Channel closed.[0m
[0m2021-03-09 18:57:12 V/Net 2027063275: Loading BdhSession from cache file[0m
[92m2021-03-09 18:57:12 I/Net 2027063275: Connected to server 180.102.110.55:14000[0m
[0m2021-03-09 18:57:12 V/Net 2027063275: Send: wtlogin.login[0m
[92m2021-03-09 18:57:17 I/Net 2027063275: Connected to server 120.232.22.114:443[0m
[0m2021-03-09 18:57:17 V/Net 2027063275: Send: wtlogin.login[0m
[0m2021-03-09 18:57:18 V/Net 2027063275: Recv: WtLogin.Login.LoginPacketResponse.DeviceLockLogin[0m
[0m2021-03-09 18:57:18 V/Net 2027063275: Send: wtlogin.login[0m
[0m2021-03-09 18:57:18 V/Net 2027063275: Recv: LoginPacketResponse.Success[0m
[92m2021-03-09 18:57:18 I/Net 2027063275: Login successful[0m
[0m2021-03-09 18:57:18 V/Net 2027063275: Send: StatSvc.register[0m
[0m2021-03-09 18:57:18 V/Net 2027063275: Recv: Response(StatSvc.register)[0m
[92m2021-03-09 18:57:18 I/Net 2027063275: Scheduled key refresh in 5h 55min 0.0s.[0m
[92m2021-03-09 18:57:18 I/Net 2027063275: Syncing friend message history...[0m
[0m2021-03-09 18:57:18 V/Net 2027063275: Send: MessageSvc.PbGetMsg[0m
[0m2021-03-09 18:57:18 V/Net 2027063275: Send: MessageSvc.PbDeleteMsg[0m
[96m2021-03-09 18:57:18 D/Net 2027063275: unknown PbGetMsg type 528, data=08 34 12 A5 02 0A A2 02 08 02 12 09 08 D1 8F 9D 88 03 10 BB 03 12 09 08 F3 89 D9 D1 06 10 BB 03 12 09 08 9C EC FA F8 06 10 BB 03 12 09 08 D9 AA BD DE 07 10 BB 03 12 09 08 C0 EC A3 D0 09 10 BB 03 12 09 08 8E B9 8C AC 07 10 BB 03 12 09 08 99 CB CE 8E 08 10 BB 03 12 09 08 D5 D3 EF DC 08 10 BB 03 12 09 08 AE D7 CC 91 0D 10 BB 03 12 09 08 A3 EA 89 E6 0D 10 BB 03 12 09 08 B8 D8 E4 AA 06 10 BB 03 12 09 08 A1 BA A1 C4 09 10 BB 03 12 09 08 BD DB C6 D2 02 10 BB 03 12 09 08 9E E2 B7 F8 06 10 BB 03 12 09 08 B3 AA E3 B0 07 10 BB 03 12 09 08 BA 9E 83 E2 07 10 BB 03 18 01 20 B0 09 28 01 32 40 95 47 26 7A C7 71 FE 3B 2C 68 84 6B AE 38 C7 8C A7 36 0E D2 12 71 E9 B4 FF 6B E6 58 54 A4 56 CE 2A 81 38 0D 91 B1 11 78 C5 61 C7 F9 E6 A7 5C 4F A2 02 EC 1C 84 21 87 2B 1A D2 96 77 34 46 BD 3E 48 B8 17 52 1A 00 06 00 10 00 00 00 32 CE 04 65 3D 60 47 54 47 00 00 00 05 00 00 0A F1 72 A9 58 08 98 01 00 A0 01 00[0m
[0m2021-03-09 18:57:18 V/Net 2027063275: Send: MessageSvc.PbGetMsg[0m
[0m2021-03-09 18:57:18 V/Net 2027063275: Send: MessageSvc.PbDeleteMsg[0m
[92m2021-03-09 18:57:18 I/Net 2027063275: Syncing friend message history: Success.[0m
[0m2021-03-09 18:57:21 V/Net 2027063275: Recv: ConfigPushSvc.PushReq.PushReqResponse.ServerListPush[0m
[92m2021-03-09 18:57:21 I/Net 2027063275: Server list updated.[0m
[0m2021-03-09 18:57:21 V/Net 2027063275: Saving bdh session to cache[0m
[0m2021-03-09 18:57:21 V/Net 2027063275: Saving server list to cache[0m
[0m2021-03-09 18:57:21 V/Net 2027063275: Send: ConfigPushSvc.PushResp[0m
[0m2021-03-09 18:57:21 V/Net 2027063275: Recv: ConfigPushSvc.PushReq.PushReqResponse.ConfigPush[0m
[0m2021-03-09 18:57:21 V/Net 2027063275: Saving bdh session to cache[0m
[0m2021-03-09 18:57:21 V/Net 2027063275: Send: ConfigPushSvc.PushResp[0m
[96m2021-03-09 18:57:21 D/Net 2027063275: Received unknown commandName: ConfigPushSvc.PushDomain[0m
[0m2021-03-09 19:01:48 V/Net 2027063275: Send: Heartbeat.Alive[0m
[0m2021-03-09 19:01:48 V/Net 2027063275: Recv: Heartbeat.Alive.Response[0m
[0m2021-03-09 19:06:18 V/Net 2027063275: Send: Heartbeat.Alive[0m
[0m2021-03-09 19:06:18 V/Net 2027063275: Recv: Heartbeat.Alive.Response[0m
[0m2021-03-09 19:10:48 V/Net 2027063275: Send: Heartbeat.Alive[0m
[0m2021-03-09 19:10:48 V/Net 2027063275: Recv: Heartbeat.Alive.Response[0m
[0m2021-03-09 19:14:03 V/Net 2027063275: Channel closed.[0m
[0m2021-03-09 19:14:03 V/Net 2027063275: Loading BdhSession from cache file[0m
[92m2021-03-09 19:14:03 I/Net 2027063275: Connected to server msfwifi.3g.qq.com:8080[0m
[0m2021-03-09 19:14:03 V/Net 2027063275: Send: wtlogin.login[0m
[0m2021-03-09 19:14:03 V/Net 2027063275: Recv: WtLogin.Login.LoginPacketResponse.DeviceLockLogin[0m
[0m2021-03-09 19:14:03 V/Net 2027063275: Send: wtlogin.login[0m
[0m2021-03-09 19:14:03 V/Net 2027063275: Recv: LoginPacketResponse.Success[0m
[92m2021-03-09 19:14:03 I/Net 2027063275: Login successful[0m
[0m2021-03-09 19:14:03 V/Net 2027063275: Send: StatSvc.register[0m
[0m2021-03-09 19:14:03 V/Net 2027063275: Recv: Response(StatSvc.register)[0m
[92m2021-03-09 19:14:03 I/Net 2027063275: Scheduled key refresh in 5h 55min 0.0s.[0m
[92m2021-03-09 19:14:03 I/Net 2027063275: Syncing friend message history...[0m
[0m2021-03-09 19:14:03 V/Net 2027063275: Send: MessageSvc.PbGetMsg[0m
[0m2021-03-09 19:14:03 V/Net 2027063275: Send: MessageSvc.PbDeleteMsg[0m
[0m2021-03-09 19:14:03 V/Net 2027063275: Send: MessageSvc.PbGetMsg[0m
[0m2021-03-09 19:14:03 V/Net 2027063275: Send: MessageSvc.PbDeleteMsg[0m
[0m2021-03-09 19:14:10 V/Net 2027063275: Recv: ConfigPushSvc.PushReq.PushReqResponse.ConfigPush[0m
[0m2021-03-09 19:14:10 V/Net 2027063275: Saving bdh session to cache[0m
[0m2021-03-09 19:14:10 V/Net 2027063275: Send: ConfigPushSvc.PushResp[0m
[92m2021-03-09 19:14:10 I/Net 2027063275: Syncing friend message history: Success.[0m
[96m2021-03-09 19:14:10 D/Net 2027063275: Received unknown commandName: ConfigPushSvc.PushDomain[0m
[0m2021-03-09 19:18:33 V/Net 2027063275: Send: Heartbeat.Alive[0m
[0m2021-03-09 19:18:33 V/Net 2027063275: Recv: Heartbeat.Alive.Response[0m
[0m2021-03-09 19:22:32 V/Net 2027063275: Send: OnlinePush.RespPush[0m
[0m2021-03-09 19:22:40 V/Net 2027063275: Send: OnlinePush.RespPush[0m
[0m2021-03-09 19:23:03 V/Net 2027063275: Send: Heartbeat.Alive[0m
[0m2021-03-09 19:23:04 V/Net 2027063275: Recv: Heartbeat.Alive.Response[0m
[0m2021-03-09 19:27:34 V/Net 2027063275: Send: Heartbeat.Alive[0m
[0m2021-03-09 19:27:34 V/Net 2027063275: Recv: Heartbeat.Alive.Response[0m
[0m2021-03-09 19:28:25 V/Net 2027063275: Send: OnlinePush.RespPush[0m
[0m2021-03-09 19:28:33 V/Net 2027063275: Send: OnlinePush.RespPush[0m
[0m2021-03-09 19:30:49 V/Net 2027063275: Channel closed.[0m
[0m2021-03-09 19:30:49 V/Net 2027063275: Loading BdhSession from cache file[0m
[92m2021-03-09 19:30:49 I/Net 2027063275: Connected to server 221.198.69.51:443[0m
[0m2021-03-09 19:30:49 V/Net 2027063275: Send: wtlogin.login[0m
[0m2021-03-09 19:30:49 V/Net 2027063275: Recv: WtLogin.Login.LoginPacketResponse.DeviceLockLogin[0m
[0m2021-03-09 19:30:49 V/Net 2027063275: Send: wtlogin.login[0m
[0m2021-03-09 19:30:49 V/Net 2027063275: Recv: LoginPacketResponse.Success[0m
[92m2021-03-09 19:30:49 I/Net 2027063275: Login successful[0m
[0m2021-03-09 19:30:49 V/Net 2027063275: Send: StatSvc.register[0m
[0m2021-03-09 19:30:49 V/Net 2027063275: Recv: Response(StatSvc.register)[0m
[92m2021-03-09 19:30:49 I/Net 2027063275: Scheduled key refresh in 5h 55min 0.0s.[0m
[92m2021-03-09 19:30:49 I/Net 2027063275: Syncing friend message history...[0m
[0m2021-03-09 19:30:49 V/Net 2027063275: Send: MessageSvc.PbGetMsg[0m
[0m2021-03-09 19:30:49 V/Net 2027063275: Send: MessageSvc.PbDeleteMsg[0m
[0m2021-03-09 19:30:49 V/Net 2027063275: Send: MessageSvc.PbGetMsg[0m
[0m2021-03-09 19:30:49 V/Net 2027063275: Send: MessageSvc.PbDeleteMsg[0m
[92m2021-03-09 19:30:49 I/Net 2027063275: Syncing friend message history: Success.[0m
[0m2021-03-09 19:30:52 V/Net 2027063275: Recv: ConfigPushSvc.PushReq.PushReqResponse.ServerListPush[0m
[92m2021-03-09 19:30:52 I/Net 2027063275: Server list updated.[0m
[0m2021-03-09 19:30:52 V/Net 2027063275: Saving bdh session to cache[0m
[0m2021-03-09 19:30:52 V/Net 2027063275: Saving server list to cache[0m
[0m2021-03-09 19:30:52 V/Net 2027063275: Send: ConfigPushSvc.PushResp[0m
[96m2021-03-09 19:30:52 D/Net 2027063275: Received unknown commandName: ConfigPushSvc.PushDomain[0m
[0m2021-03-09 19:30:52 V/Net 2027063275: Recv: ConfigPushSvc.PushReq.PushReqResponse.ConfigPush[0m
[0m2021-03-09 19:30:52 V/Net 2027063275: Saving bdh session to cache[0m
[0m2021-03-09 19:30:52 V/Net 2027063275: Send: ConfigPushSvc.PushResp[0m
[0m2021-03-09 19:35:19 V/Net 2027063275: Send: Heartbeat.Alive[0m
[0m2021-03-09 19:35:19 V/Net 2027063275: Recv: Heartbeat.Alive.Response[0m
[0m2021-03-09 19:39:49 V/Net 2027063275: Send: Heartbeat.Alive[0m
[0m2021-03-09 19:39:49 V/Net 2027063275: Recv: Heartbeat.Alive.Response[0m
[0m2021-03-09 19:44:19 V/Net 2027063275: Send: Heartbeat.Alive[0m
[0m2021-03-09 19:44:20 V/Net 2027063275: Recv: Heartbeat.Alive.Response[0m
[0m2021-03-09 19:47:35 V/Net 2027063275: Channel closed.[0m
[0m2021-03-09 19:47:35 V/Net 2027063275: Loading BdhSession from cache file[0m
[92m2021-03-09 19:47:35 I/Net 2027063275: Connected to server msfwifi.3g.qq.com:8080[0m
[0m2021-03-09 19:47:35 V/Net 2027063275: Send: wtlogin.login[0m
[92m2021-03-09 19:47:43 I/Net 2027063275: Connected to server 42.81.172.22:80[0m
[0m2021-03-09 19:47:43 V/Net 2027063275: Send: wtlogin.login[0m
[0m2021-03-09 19:47:43 V/Net 2027063275: Recv: WtLogin.Login.LoginPacketResponse.DeviceLockLogin[0m
[0m2021-03-09 19:47:43 V/Net 2027063275: Send: wtlogin.login[0m
[0m2021-03-09 19:47:44 V/Net 2027063275: Recv: LoginPacketResponse.Success[0m
[92m2021-03-09 19:47:44 I/Net 2027063275: Login successful[0m
[0m2021-03-09 19:47:44 V/Net 2027063275: Send: StatSvc.register[0m
[0m2021-03-09 19:47:44 V/Net 2027063275: Recv: Response(StatSvc.register)[0m
[92m2021-03-09 19:47:44 I/Net 2027063275: Scheduled key refresh in 5h 55min 0.0s.[0m
[92m2021-03-09 19:47:44 I/Net 2027063275: Syncing friend message history...[0m
[0m2021-03-09 19:47:44 V/Net 2027063275: Send: MessageSvc.PbGetMsg[0m
[0m2021-03-09 19:47:44 V/Net 2027063275: Send: MessageSvc.PbDeleteMsg[0m
[0m2021-03-09 19:47:44 V/Net 2027063275: Send: MessageSvc.PbGetMsg[0m
[0m2021-03-09 19:47:44 V/Net 2027063275: Send: MessageSvc.PbDeleteMsg[0m
[92m2021-03-09 19:47:44 I/Net 2027063275: Syncing friend message history: Success.[0m
[96m2021-03-09 19:47:47 D/Net 2027063275: Received unknown commandName: ConfigPushSvc.PushDomain[0m
[0m2021-03-09 19:47:47 V/Net 2027063275: Recv: ConfigPushSvc.PushReq.PushReqResponse.ConfigPush[0m
[0m2021-03-09 19:47:47 V/Net 2027063275: Saving bdh session to cache[0m
[0m2021-03-09 19:47:47 V/Net 2027063275: Send: ConfigPushSvc.PushResp[0m
[0m2021-03-09 19:52:14 V/Net 2027063275: Send: Heartbeat.Alive[0m
[0m2021-03-09 19:52:20 V/Net 2027063275: Recv: Heartbeat.Alive.Response[0m
[0m2021-03-09 19:52:20 V/Net 2027063275: Send: Heartbeat.Alive[0m
[0m2021-03-09 19:52:20 V/Net 2027063275: Recv: Heartbeat.Alive.Response[0m
[0m2021-03-09 19:56:50 V/Net 2027063275: Send: Heartbeat.Alive[0m
[0m2021-03-09 19:56:55 V/Net 2027063275: Recv: Heartbeat.Alive.Response[0m
[0m2021-03-09 19:56:55 V/Net 2027063275: Send: Heartbeat.Alive[0m
[0m2021-03-09 19:56:56 V/Net 2027063275: Recv: Heartbeat.Alive.Response[0m
[0m2021-03-09 20:01:26 V/Net 2027063275: Send: Heartbeat.Alive[0m
[0m2021-03-09 20:01:26 V/Net 2027063275: Recv: Heartbeat.Alive.Response[0m
[0m2021-03-09 20:01:32 V/Net 2027063275: Send: Heartbeat.Alive[0m
[0m2021-03-09 20:01:32 V/Net 2027063275: Recv: Heartbeat.Alive.Response[0m
[0m2021-03-09 20:04:29 V/Net 2027063275: Channel closed.[0m
[0m2021-03-09 20:04:29 V/Net 2027063275: Loading BdhSession from cache file[0m
[92m2021-03-09 20:04:29 I/Net 2027063275: Connected to server 120.232.19.144:443[0m
[0m2021-03-09 20:04:29 V/Net 2027063275: Send: wtlogin.login[0m
[92m2021-03-09 20:04:35 I/Net 2027063275: Connected to server 113.96.12.217:8080[0m
[0m2021-03-09 20:04:35 V/Net 2027063275: Send: wtlogin.login[0m
[0m2021-03-09 20:04:35 V/Net 2027063275: Recv: WtLogin.Login.LoginPacketResponse.DeviceLockLogin[0m
[0m2021-03-09 20:04:35 V/Net 2027063275: Send: wtlogin.login[0m
[0m2021-03-09 20:04:35 V/Net 2027063275: Recv: LoginPacketResponse.Success[0m
[92m2021-03-09 20:04:35 I/Net 2027063275: Login successful[0m
[0m2021-03-09 20:04:35 V/Net 2027063275: Send: StatSvc.register[0m
[0m2021-03-09 20:04:36 V/Net 2027063275: Recv: Response(StatSvc.register)[0m
[92m2021-03-09 20:04:36 I/Net 2027063275: Scheduled key refresh in 5h 55min 0.0s.[0m
[92m2021-03-09 20:04:36 I/Net 2027063275: Syncing friend message history...[0m
[0m2021-03-09 20:04:36 V/Net 2027063275: Send: MessageSvc.PbGetMsg[0m
[0m2021-03-09 20:04:36 V/Net 2027063275: Send: MessageSvc.PbDeleteMsg[0m
[96m2021-03-09 20:04:36 D/Net 2027063275: unknown PbGetMsg type 528, data=08 34 12 B5 02 0A B2 02 08 01 12 09 08 F7 A2 B0 C6 07 10 C0 3E 12 09 08 DB DC F9 B7 0B 10 C0 3E 12 09 08 C7 BE FA F8 06 10 C0 3E 12 09 08 A6 AE 9A FD 0D 10 C0 3E 12 09 08 B7 E9 DE EC 03 10 C0 3E 12 09 08 8C EB E7 E7 0D 10 C0 3E 12 09 08 BE EE 91 D9 03 10 C0 3E 12 09 08 D5 E5 DE EC 03 10 C0 3E 12 09 08 E4 9C DD DC 07 10 C0 3E 12 09 08 96 D7 85 FD 06 10 C0 3E 12 09 08 9F BA A1 BF 0B 10 C0 3E 12 15 10 C1 3E 22 10 24 02 4E 00 10 20 11 3A 00 00 90 82 B1 50 69 14 12 15 10 C1 3E 22 10 24 02 4E 00 10 20 01 00 00 00 90 82 FB A5 B6 A0 12 15 10 C1 3E 22 10 24 02 4E 00 10 20 01 00 00 00 90 83 14 C1 1C E8 12 15 10 C1 3E 22 10 24 02 4E 00 18 30 10 39 00 00 90 84 F6 87 97 E7 12 15 10 C1 3E 22 10 24 02 4E 00 10 20 01 39 00 00 90 82 A5 75 0D 8B 18 01 20 B0 09 28 01 32 11 02 54 38 01 35 00 01 07 5A F4 12 71 74 6C 69 62 03 48 A0 1F 52 1A 00 06 00 10 00 00 00 19 CE 7F 40 58 60 47 60 BA 00 00 00 05 00 00 0A F1 72 A9 58 11 98 01 00 A0 01 00 B8 01 02[0m
[0m2021-03-09 20:04:36 V/Net 2027063275: Send: MessageSvc.PbGetMsg[0m
[0m2021-03-09 20:04:36 V/Net 2027063275: Send: MessageSvc.PbDeleteMsg[0m
[92m2021-03-09 20:04:36 I/Net 2027063275: Syncing friend message history: Success.[0m
[0m2021-03-09 20:04:38 V/Net 2027063275: Recv: ConfigPushSvc.PushReq.PushReqResponse.ServerListPush[0m
[92m2021-03-09 20:04:38 I/Net 2027063275: Server list updated.[0m
[0m2021-03-09 20:04:38 V/Net 2027063275: Saving bdh session to cache[0m
[0m2021-03-09 20:04:38 V/Net 2027063275: Saving server list to cache[0m
[0m2021-03-09 20:04:38 V/Net 2027063275: Send: ConfigPushSvc.PushResp[0m
[96m2021-03-09 20:04:38 D/Net 2027063275: Received unknown commandName: ConfigPushSvc.PushDomain[0m
[0m2021-03-09 20:04:38 V/Net 2027063275: Recv: ConfigPushSvc.PushReq.PushReqResponse.ConfigPush[0m
[0m2021-03-09 20:04:38 V/Net 2027063275: Saving bdh session to cache[0m
[0m2021-03-09 20:04:38 V/Net 2027063275: Send: ConfigPushSvc.PushResp[0m
[0m2021-03-09 20:09:06 V/Net 2027063275: Send: Heartbeat.Alive[0m
[0m2021-03-09 20:09:06 V/Net 2027063275: Recv: Heartbeat.Alive.Response[0m
[0m2021-03-09 20:13:36 V/Net 2027063275: Send: Heartbeat.Alive[0m
[0m2021-03-09 20:13:36 V/Net 2027063275: Recv: Heartbeat.Alive.Response[0m
[0m2021-03-09 20:18:06 V/Net 2027063275: Send: Heartbeat.Alive[0m
[0m2021-03-09 20:18:06 V/Net 2027063275: Recv: Heartbeat.Alive.Response[0m
[0m2021-03-09 20:21:21 V/Net 2027063275: Channel closed.[0m
[0m2021-03-09 20:21:26 V/Net 2027063275: Loading BdhSession from cache file[0m
[92m2021-03-09 20:21:26 I/Net 2027063275: Connected to server 42.81.170.122:80[0m
[0m2021-03-09 20:21:26 V/Net 2027063275: Send: wtlogin.login[0m
[0m2021-03-09 20:21:26 V/Net 2027063275: Recv: WtLogin.Login.LoginPacketResponse.DeviceLockLogin[0m
[0m2021-03-09 20:21:26 V/Net 2027063275: Send: wtlogin.login[0m
[0m2021-03-09 20:21:26 V/Net 2027063275: Recv: LoginPacketResponse.Success[0m
[92m2021-03-09 20:21:26 I/Net 2027063275: Login successful[0m
[0m2021-03-09 20:21:26 V/Net 2027063275: Send: StatSvc.register[0m
[0m2021-03-09 20:21:26 V/Net 2027063275: Recv: Response(StatSvc.register)[0m
[92m2021-03-09 20:21:26 I/Net 2027063275: Scheduled key refresh in 5h 55min 0.0s.[0m
[92m2021-03-09 20:21:26 I/Net 2027063275: Syncing friend message history...[0m
[0m2021-03-09 20:21:26 V/Net 2027063275: Send: MessageSvc.PbGetMsg[0m
[0m2021-03-09 20:21:26 V/Net 2027063275: Send: MessageSvc.PbDeleteMsg[0m
[0m2021-03-09 20:21:26 V/Net 2027063275: Send: MessageSvc.PbGetMsg[0m
[0m2021-03-09 20:21:26 V/Net 2027063275: Send: MessageSvc.PbDeleteMsg[0m
[92m2021-03-09 20:21:26 I/Net 2027063275: Syncing friend message history: Success.[0m
[0m2021-03-09 20:21:29 V/Net 2027063275: Recv: ConfigPushSvc.PushReq.PushReqResponse.ServerListPush[0m
[92m2021-03-09 20:21:29 I/Net 2027063275: Server list updated.[0m
[0m2021-03-09 20:21:29 V/Net 2027063275: Saving bdh session to cache[0m
[0m2021-03-09 20:21:29 V/Net 2027063275: Saving server list to cache[0m
[0m2021-03-09 20:21:29 V/Net 2027063275: Send: ConfigPushSvc.PushResp[0m
[96m2021-03-09 20:21:29 D/Net 2027063275: Received unknown commandName: ConfigPushSvc.PushDomain[0m
[0m2021-03-09 20:21:29 V/Net 2027063275: Recv: ConfigPushSvc.PushReq.PushReqResponse.ConfigPush[0m
[0m2021-03-09 20:21:29 V/Net 2027063275: Saving bdh session to cache[0m
[0m2021-03-09 20:21:29 V/Net 2027063275: Send: ConfigPushSvc.PushResp[0m
[0m2021-03-09 20:26:02 V/Net 2027063275: Send: Heartbeat.Alive[0m
[0m2021-03-09 20:26:02 V/Net 2027063275: Recv: Heartbeat.Alive.Response[0m
[0m2021-03-09 20:26:02 V/Net 2027063275: Send: Heartbeat.Alive[0m
[0m2021-03-09 20:26:02 V/Net 2027063275: Recv: Heartbeat.Alive.Response[0m
[0m2021-03-09 20:30:32 V/Net 2027063275: Send: Heartbeat.Alive[0m
[0m2021-03-09 20:30:32 V/Net 2027063275: Recv: Heartbeat.Alive.Response[0m
[0m2021-03-09 20:35:02 V/Net 2027063275: Send: Heartbeat.Alive[0m
[0m2021-03-09 20:35:02 V/Net 2027063275: Recv: Heartbeat.Alive.Response[0m
[0m2021-03-09 20:36:54 V/Net 2027063275: Send: OnlinePush.RespPush[0m
[0m2021-03-09 20:37:02 V/Net 2027063275: Send: OnlinePush.RespPush[0m
[0m2021-03-09 20:38:12 V/Net 2027063275: Channel closed.[0m
[0m2021-03-09 20:38:12 V/Net 2027063275: Loading BdhSession from cache file[0m
[92m2021-03-09 20:38:12 I/Net 2027063275: Connected to server 114.221.144.89:14000[0m
[0m2021-03-09 20:38:12 V/Net 2027063275: Send: wtlogin.login[0m
[0m2021-03-09 20:38:12 V/Net 2027063275: Recv: WtLogin.Login.LoginPacketResponse.DeviceLockLogin[0m
[0m2021-03-09 20:38:12 V/Net 2027063275: Send: wtlogin.login[0m
[0m2021-03-09 20:38:12 V/Net 2027063275: Recv: LoginPacketResponse.Success[0m
[92m2021-03-09 20:38:12 I/Net 2027063275: Login successful[0m
[0m2021-03-09 20:38:12 V/Net 2027063275: Send: StatSvc.register[0m
[0m2021-03-09 20:38:12 V/Net 2027063275: Recv: Response(StatSvc.register)[0m
[92m2021-03-09 20:38:12 I/Net 2027063275: Scheduled key refresh in 5h 55min 0.0s.[0m
[92m2021-03-09 20:38:12 I/Net 2027063275: Syncing friend message history...[0m
[0m2021-03-09 20:38:12 V/Net 2027063275: Send: MessageSvc.PbGetMsg[0m
[0m2021-03-09 20:38:12 V/Net 2027063275: Send: MessageSvc.PbDeleteMsg[0m
[0m2021-03-09 20:38:12 V/Net 2027063275: Send: MessageSvc.PbGetMsg[0m
[0m2021-03-09 20:38:12 V/Net 2027063275: Send: MessageSvc.PbDeleteMsg[0m
[92m2021-03-09 20:38:12 I/Net 2027063275: Syncing friend message history: Success.[0m
[0m2021-03-09 20:38:15 V/Net 2027063275: Recv: ConfigPushSvc.PushReq.PushReqResponse.ServerListPush[0m
[92m2021-03-09 20:38:15 I/Net 2027063275: Server list updated.[0m
[0m2021-03-09 20:38:15 V/Net 2027063275: Saving bdh session to cache[0m
[0m2021-03-09 20:38:15 V/Net 2027063275: Saving server list to cache[0m
[0m2021-03-09 20:38:15 V/Net 2027063275: Send: ConfigPushSvc.PushResp[0m
[96m2021-03-09 20:38:15 D/Net 2027063275: Received unknown commandName: ConfigPushSvc.PushDomain[0m
[0m2021-03-09 20:38:15 V/Net 2027063275: Recv: ConfigPushSvc.PushReq.PushReqResponse.ConfigPush[0m
[0m2021-03-09 20:38:15 V/Net 2027063275: Saving bdh session to cache[0m
[0m2021-03-09 20:38:15 V/Net 2027063275: Send: ConfigPushSvc.PushResp[0m
[0m2021-03-09 20:42:42 V/Net 2027063275: Send: Heartbeat.Alive[0m
[0m2021-03-09 20:42:42 V/Net 2027063275: Recv: Heartbeat.Alive.Response[0m
[0m2021-03-09 20:47:12 V/Net 2027063275: Send: Heartbeat.Alive[0m
[0m2021-03-09 20:47:12 V/Net 2027063275: Recv: Heartbeat.Alive.Response[0m
[0m2021-03-09 20:51:42 V/Net 2027063275: Send: Heartbeat.Alive[0m
[0m2021-03-09 20:51:42 V/Net 2027063275: Recv: Heartbeat.Alive.Response[0m
[0m2021-03-09 20:54:29 V/Net 2027063275: Send: OnlinePush.RespPush[0m
[0m2021-03-09 20:54:39 V/Net 2027063275: Send: OnlinePush.RespPush[0m
[0m2021-03-09 20:54:58 V/Net 2027063275: Channel closed.[0m
[0m2021-03-09 20:54:58 V/Net 2027063275: Loading BdhSession from cache file[0m
[92m2021-03-09 20:54:58 I/Net 2027063275: Connected to server 120.232.22.74:443[0m
[0m2021-03-09 20:54:58 V/Net 2027063275: Send: wtlogin.login[0m
[0m2021-03-09 20:54:58 V/Net 2027063275: Recv: WtLogin.Login.LoginPacketResponse.DeviceLockLogin[0m
[0m2021-03-09 20:54:58 V/Net 2027063275: Send: wtlogin.login[0m
[0m2021-03-09 20:54:58 V/Net 2027063275: Recv: LoginPacketResponse.Success[0m
[92m2021-03-09 20:54:58 I/Net 2027063275: Login successful[0m
[0m2021-03-09 20:54:58 V/Net 2027063275: Send: StatSvc.register[0m
[0m2021-03-09 20:54:58 V/Net 2027063275: Recv: Response(StatSvc.register)[0m
[92m2021-03-09 20:54:58 I/Net 2027063275: Scheduled key refresh in 5h 55min 0.0s.[0m
[92m2021-03-09 20:54:58 I/Net 2027063275: Syncing friend message history...[0m
[0m2021-03-09 20:54:58 V/Net 2027063275: Send: MessageSvc.PbGetMsg[0m
[0m2021-03-09 20:54:58 V/Net 2027063275: Send: MessageSvc.PbDeleteMsg[0m
[0m2021-03-09 20:54:58 V/Net 2027063275: Send: MessageSvc.PbGetMsg[0m
[0m2021-03-09 20:54:58 V/Net 2027063275: Send: MessageSvc.PbDeleteMsg[0m
[92m2021-03-09 20:54:58 I/Net 2027063275: Syncing friend message history: Success.[0m
[0m2021-03-09 20:55:01 V/Net 2027063275: Recv: ConfigPushSvc.PushReq.PushReqResponse.ServerListPush[0m
[92m2021-03-09 20:55:01 I/Net 2027063275: Server list updated.[0m
[0m2021-03-09 20:55:01 V/Net 2027063275: Saving bdh session to cache[0m
[0m2021-03-09 20:55:01 V/Net 2027063275: Saving server list to cache[0m
[0m2021-03-09 20:55:01 V/Net 2027063275: Send: ConfigPushSvc.PushResp[0m
[96m2021-03-09 20:55:01 D/Net 2027063275: Received unknown commandName: ConfigPushSvc.PushDomain[0m
[0m2021-03-09 20:55:01 V/Net 2027063275: Recv: ConfigPushSvc.PushReq.PushReqResponse.ConfigPush[0m
[0m2021-03-09 20:55:01 V/Net 2027063275: Saving bdh session to cache[0m
[0m2021-03-09 20:55:01 V/Net 2027063275: Send: ConfigPushSvc.PushResp[0m
[0m2021-03-09 20:59:28 V/Net 2027063275: Send: Heartbeat.Alive[0m
[0m2021-03-09 20:59:28 V/Net 2027063275: Recv: Heartbeat.Alive.Response[0m
[0m2021-03-09 21:03:58 V/Net 2027063275: Send: Heartbeat.Alive[0m
[0m2021-03-09 21:03:58 V/Net 2027063275: Recv: Heartbeat.Alive.Response[0m
[0m2021-03-09 21:08:28 V/Net 2027063275: Send: Heartbeat.Alive[0m
[0m2021-03-09 21:08:28 V/Net 2027063275: Recv: Heartbeat.Alive.Response[0m
[0m2021-03-09 21:11:43 V/Net 2027063275: Channel closed.[0m
[0m2021-03-09 21:11:49 V/Net 2027063275: Loading BdhSession from cache file[0m
[92m2021-03-09 21:11:49 I/Net 2027063275: Connected to server 221.198.70.158:443[0m
[0m2021-03-09 21:11:49 V/Net 2027063275: Send: wtlogin.login[0m
[0m2021-03-09 21:11:49 V/Net 2027063275: Recv: WtLogin.Login.LoginPacketResponse.DeviceLockLogin[0m
[0m2021-03-09 21:11:49 V/Net 2027063275: Send: wtlogin.login[0m
[0m2021-03-09 21:11:49 V/Net 2027063275: Recv: LoginPacketResponse.Success[0m
[92m2021-03-09 21:11:49 I/Net 2027063275: Login successful[0m
[0m2021-03-09 21:11:49 V/Net 2027063275: Send: StatSvc.register[0m
[0m2021-03-09 21:11:49 V/Net 2027063275: Recv: Response(StatSvc.register)[0m
[92m2021-03-09 21:11:49 I/Net 2027063275: Scheduled key refresh in 5h 55min 0.0s.[0m
[92m2021-03-09 21:11:49 I/Net 2027063275: Syncing friend message history...[0m
[0m2021-03-09 21:11:49 V/Net 2027063275: Send: MessageSvc.PbGetMsg[0m
[0m2021-03-09 21:11:50 V/Net 2027063275: Send: MessageSvc.PbDeleteMsg[0m
[0m2021-03-09 21:11:50 V/Net 2027063275: Send: MessageSvc.PbGetMsg[0m
[0m2021-03-09 21:11:50 V/Net 2027063275: Send: MessageSvc.PbDeleteMsg[0m
[92m2021-03-09 21:11:50 I/Net 2027063275: Syncing friend message history: Success.[0m
[0m2021-03-09 21:11:52 V/Net 2027063275: Recv: ConfigPushSvc.PushReq.PushReqResponse.ServerListPush[0m
[92m2021-03-09 21:11:52 I/Net 2027063275: Server list updated.[0m
[0m2021-03-09 21:11:52 V/Net 2027063275: Saving bdh session to cache[0m
[0m2021-03-09 21:11:52 V/Net 2027063275: Saving server list to cache[0m
[0m2021-03-09 21:11:52 V/Net 2027063275: Send: ConfigPushSvc.PushResp[0m
[96m2021-03-09 21:11:53 D/Net 2027063275: Received unknown commandName: ConfigPushSvc.PushDomain[0m
[0m2021-03-09 21:11:53 V/Net 2027063275: Recv: ConfigPushSvc.PushReq.PushReqResponse.ConfigPush[0m
[0m2021-03-09 21:11:53 V/Net 2027063275: Saving bdh session to cache[0m
[0m2021-03-09 21:11:53 V/Net 2027063275: Send: ConfigPushSvc.PushResp[0m
[0m2021-03-09 21:16:19 V/Net 2027063275: Send: Heartbeat.Alive[0m
[0m2021-03-09 21:16:20 V/Net 2027063275: Recv: Heartbeat.Alive.Response[0m
[0m2021-03-09 21:20:50 V/Net 2027063275: Send: Heartbeat.Alive[0m
[0m2021-03-09 21:20:50 V/Net 2027063275: Recv: Heartbeat.Alive.Response[0m
[0m2021-03-09 21:25:20 V/Net 2027063275: Send: Heartbeat.Alive[0m
[0m2021-03-09 21:25:20 V/Net 2027063275: Recv: Heartbeat.Alive.Response[0m
[0m2021-03-09 21:27:55 V/Net 2027063275: Send: OnlinePush.RespPush[0m
[0m2021-03-09 21:27:58 V/Net 2027063275: Send: OnlinePush.RespPush[0m
[0m2021-03-09 21:28:35 V/Net 2027063275: Channel closed.[0m
[0m2021-03-09 21:28:40 V/Net 2027063275: Loading BdhSession from cache file[0m
[92m2021-03-09 21:28:40 I/Net 2027063275: Connected to server 114.221.148.13:14000[0m
[0m2021-03-09 21:28:40 V/Net 2027063275: Send: wtlogin.login[0m
[0m2021-03-09 21:28:40 V/Net 2027063275: Recv: WtLogin.Login.LoginPacketResponse.DeviceLockLogin[0m
[0m2021-03-09 21:28:40 V/Net 2027063275: Send: wtlogin.login[0m
[0m2021-03-09 21:28:40 V/Net 2027063275: Recv: LoginPacketResponse.Success[0m
[92m2021-03-09 21:28:40 I/Net 2027063275: Login successful[0m
[0m2021-03-09 21:28:40 V/Net 2027063275: Send: StatSvc.register[0m
[0m2021-03-09 21:28:40 V/Net 2027063275: Recv: Response(StatSvc.register)[0m
[92m2021-03-09 21:28:40 I/Net 2027063275: Scheduled key refresh in 5h 55min 0.0s.[0m
[92m2021-03-09 21:28:40 I/Net 2027063275: Syncing friend message history...[0m
[0m2021-03-09 21:28:40 V/Net 2027063275: Send: MessageSvc.PbGetMsg[0m
[0m2021-03-09 21:28:41 V/Net 2027063275: Send: MessageSvc.PbDeleteMsg[0m
[0m2021-03-09 21:28:41 V/Net 2027063275: Send: MessageSvc.PbGetMsg[0m
[0m2021-03-09 21:28:41 V/Net 2027063275: Send: MessageSvc.PbDeleteMsg[0m
[92m2021-03-09 21:28:41 I/Net 2027063275: Syncing friend message history: Success.[0m
[0m2021-03-09 21:28:43 V/Net 2027063275: Recv: ConfigPushSvc.PushReq.PushReqResponse.ServerListPush[0m
[92m2021-03-09 21:28:43 I/Net 2027063275: Server list updated.[0m
[0m2021-03-09 21:28:43 V/Net 2027063275: Saving bdh session to cache[0m
[0m2021-03-09 21:28:43 V/Net 2027063275: Saving server list to cache[0m
[0m2021-03-09 21:28:43 V/Net 2027063275: Send: ConfigPushSvc.PushResp[0m
[96m2021-03-09 21:28:43 D/Net 2027063275: Received unknown commandName: ConfigPushSvc.PushDomain[0m
[0m2021-03-09 21:28:43 V/Net 2027063275: Recv: ConfigPushSvc.PushReq.PushReqResponse.ConfigPush[0m
[0m2021-03-09 21:28:43 V/Net 2027063275: Saving bdh session to cache[0m
[0m2021-03-09 21:28:43 V/Net 2027063275: Send: ConfigPushSvc.PushResp[0m
[0m2021-03-09 21:33:10 V/Net 2027063275: Send: Heartbeat.Alive[0m
[0m2021-03-09 21:33:11 V/Net 2027063275: Recv: Heartbeat.Alive.Response[0m
[0m2021-03-09 21:37:41 V/Net 2027063275: Send: Heartbeat.Alive[0m
[0m2021-03-09 21:37:41 V/Net 2027063275: Recv: Heartbeat.Alive.Response[0m
[0m2021-03-09 21:42:11 V/Net 2027063275: Send: Heartbeat.Alive[0m
[0m2021-03-09 21:42:11 V/Net 2027063275: Recv: Heartbeat.Alive.Response[0m
[0m2021-03-09 21:43:45 V/Net 2027063275: Send: OnlinePush.RespPush[0m
[0m2021-03-09 21:43:53 V/Net 2027063275: Send: OnlinePush.RespPush[0m
[0m2021-03-09 21:45:25 V/Net 2027063275: Channel closed.[0m
[0m2021-03-09 21:45:25 V/Net 2027063275: Loading BdhSession from cache file[0m
[92m2021-03-09 21:45:25 I/Net 2027063275: Connected to server 120.232.18.41:443[0m
[0m2021-03-09 21:45:25 V/Net 2027063275: Send: wtlogin.login[0m
[0m2021-03-09 21:45:25 V/Net 2027063275: Recv: WtLogin.Login.LoginPacketResponse.DeviceLockLogin[0m
[0m2021-03-09 21:45:25 V/Net 2027063275: Send: wtlogin.login[0m
[0m2021-03-09 21:45:25 V/Net 2027063275: Recv: LoginPacketResponse.Success[0m
[92m2021-03-09 21:45:25 I/Net 2027063275: Login successful[0m
[0m2021-03-09 21:45:25 V/Net 2027063275: Send: StatSvc.register[0m
[0m2021-03-09 21:45:25 V/Net 2027063275: Recv: Response(StatSvc.register)[0m
[92m2021-03-09 21:45:25 I/Net 2027063275: Scheduled key refresh in 5h 55min 0.0s.[0m
[92m2021-03-09 21:45:25 I/Net 2027063275: Syncing friend message history...[0m
[0m2021-03-09 21:45:25 V/Net 2027063275: Send: MessageSvc.PbGetMsg[0m
[0m2021-03-09 21:45:25 V/Net 2027063275: Send: MessageSvc.PbDeleteMsg[0m
[0m2021-03-09 21:45:25 V/Net 2027063275: Send: MessageSvc.PbGetMsg[0m
[0m2021-03-09 21:45:25 V/Net 2027063275: Send: MessageSvc.PbDeleteMsg[0m
[92m2021-03-09 21:45:25 I/Net 2027063275: Syncing friend message history: Success.[0m
[0m2021-03-09 21:45:28 V/Net 2027063275: Recv: ConfigPushSvc.PushReq.PushReqResponse.ServerListPush[0m
[92m2021-03-09 21:45:28 I/Net 2027063275: Server list updated.[0m
[0m2021-03-09 21:45:28 V/Net 2027063275: Saving bdh session to cache[0m
[0m2021-03-09 21:45:28 V/Net 2027063275: Saving server list to cache[0m
[0m2021-03-09 21:45:28 V/Net 2027063275: Send: ConfigPushSvc.PushResp[0m
[96m2021-03-09 21:45:28 D/Net 2027063275: Received unknown commandName: ConfigPushSvc.PushDomain[0m
[0m2021-03-09 21:45:28 V/Net 2027063275: Recv: ConfigPushSvc.PushReq.PushReqResponse.ConfigPush[0m
[0m2021-03-09 21:45:28 V/Net 2027063275: Saving bdh session to cache[0m
[0m2021-03-09 21:45:28 V/Net 2027063275: Send: ConfigPushSvc.PushResp[0m
[0m2021-03-09 21:49:55 V/Net 2027063275: Send: Heartbeat.Alive[0m
[0m2021-03-09 21:49:55 V/Net 2027063275: Recv: Heartbeat.Alive.Response[0m
[0m2021-03-09 21:54:25 V/Net 2027063275: Send: Heartbeat.Alive[0m
[0m2021-03-09 21:54:25 V/Net 2027063275: Recv: Heartbeat.Alive.Response[0m
[0m2021-03-09 21:58:55 V/Net 2027063275: Send: Heartbeat.Alive[0m
[0m2021-03-09 21:58:55 V/Net 2027063275: Recv: Heartbeat.Alive.Response[0m
[0m2021-03-09 22:02:10 V/Net 2027063275: Channel closed.[0m
[0m2021-03-09 22:02:16 V/Net 2027063275: Loading BdhSession from cache file[0m
[92m2021-03-09 22:02:16 I/Net 2027063275: Connected to server 14.22.5.238:8080[0m
[0m2021-03-09 22:02:16 V/Net 2027063275: Send: wtlogin.login[0m
[0m2021-03-09 22:02:16 V/Net 2027063275: Recv: WtLogin.Login.LoginPacketResponse.DeviceLockLogin[0m
[0m2021-03-09 22:02:16 V/Net 2027063275: Send: wtlogin.login[0m
[0m2021-03-09 22:02:17 V/Net 2027063275: Recv: LoginPacketResponse.Success[0m
[92m2021-03-09 22:02:17 I/Net 2027063275: Login successful[0m
[0m2021-03-09 22:02:17 V/Net 2027063275: Send: StatSvc.register[0m
[0m2021-03-09 22:02:17 V/Net 2027063275: Recv: Response(StatSvc.register)[0m
[92m2021-03-09 22:02:17 I/Net 2027063275: Scheduled key refresh in 5h 55min 0.0s.[0m
[92m2021-03-09 22:02:17 I/Net 2027063275: Syncing friend message history...[0m
[0m2021-03-09 22:02:17 V/Net 2027063275: Send: MessageSvc.PbGetMsg[0m
[0m2021-03-09 22:02:17 V/Net 2027063275: Send: MessageSvc.PbDeleteMsg[0m
[0m2021-03-09 22:02:17 V/Net 2027063275: Send: MessageSvc.PbGetMsg[0m
[0m2021-03-09 22:02:17 V/Net 2027063275: Send: MessageSvc.PbDeleteMsg[0m
[92m2021-03-09 22:02:17 I/Net 2027063275: Syncing friend message history: Success.[0m
[96m2021-03-09 22:02:20 D/Net 2027063275: Received unknown commandName: ConfigPushSvc.PushDomain[0m
[0m2021-03-09 22:02:20 V/Net 2027063275: Recv: ConfigPushSvc.PushReq.PushReqResponse.ConfigPush[0m
[0m2021-03-09 22:02:20 V/Net 2027063275: Saving bdh session to cache[0m
[0m2021-03-09 22:02:20 V/Net 2027063275: Send: ConfigPushSvc.PushResp[0m
[0m2021-03-09 22:06:47 V/Net 2027063275: Send: Heartbeat.Alive[0m
[0m2021-03-09 22:06:47 V/Net 2027063275: Recv: Heartbeat.Alive.Response[0m
[0m2021-03-09 22:11:17 V/Net 2027063275: Send: Heartbeat.Alive[0m
[0m2021-03-09 22:11:17 V/Net 2027063275: Recv: Heartbeat.Alive.Response[0m
[0m2021-03-09 22:15:47 V/Net 2027063275: Send: Heartbeat.Alive[0m
[0m2021-03-09 22:15:47 V/Net 2027063275: Recv: Heartbeat.Alive.Response[0m
[0m2021-03-09 22:19:02 V/Net 2027063275: Channel closed.[0m
[0m2021-03-09 22:19:02 V/Net 2027063275: Loading BdhSession from cache file[0m
[92m2021-03-09 22:19:02 I/Net 2027063275: Connected to server 109.244.170.117:14000[0m
[0m2021-03-09 22:19:02 V/Net 2027063275: Send: wtlogin.login[0m
[0m2021-03-09 22:19:02 V/Net 2027063275: Recv: WtLogin.Login.LoginPacketResponse.DeviceLockLogin[0m
[0m2021-03-09 22:19:02 V/Net 2027063275: Send: wtlogin.login[0m
[0m2021-03-09 22:19:02 V/Net 2027063275: Recv: LoginPacketResponse.Success[0m
[92m2021-03-09 22:19:02 I/Net 2027063275: Login successful[0m
[0m2021-03-09 22:19:02 V/Net 2027063275: Send: StatSvc.register[0m
[0m2021-03-09 22:19:02 V/Net 2027063275: Recv: Response(StatSvc.register)[0m
[92m2021-03-09 22:19:02 I/Net 2027063275: Scheduled key refresh in 5h 55min 0.0s.[0m
[92m2021-03-09 22:19:02 I/Net 2027063275: Syncing friend message history...[0m
[0m2021-03-09 22:19:02 V/Net 2027063275: Send: MessageSvc.PbGetMsg[0m
[0m2021-03-09 22:19:02 V/Net 2027063275: Send: MessageSvc.PbDeleteMsg[0m
[0m2021-03-09 22:19:02 V/Net 2027063275: Send: MessageSvc.PbGetMsg[0m
[0m2021-03-09 22:19:02 V/Net 2027063275: Send: MessageSvc.PbDeleteMsg[0m
[92m2021-03-09 22:19:02 I/Net 2027063275: Syncing friend message history: Success.[0m
[0m2021-03-09 22:19:05 V/Net 2027063275: Recv: ConfigPushSvc.PushReq.PushReqResponse.ServerListPush[0m
[92m2021-03-09 22:19:05 I/Net 2027063275: Server list updated.[0m
[0m2021-03-09 22:19:05 V/Net 2027063275: Saving bdh session to cache[0m
[0m2021-03-09 22:19:05 V/Net 2027063275: Saving server list to cache[0m
[0m2021-03-09 22:19:05 V/Net 2027063275: Send: ConfigPushSvc.PushResp[0m
[96m2021-03-09 22:19:05 D/Net 2027063275: Received unknown commandName: ConfigPushSvc.PushDomain[0m
[0m2021-03-09 22:19:05 V/Net 2027063275: Recv: ConfigPushSvc.PushReq.PushReqResponse.ConfigPush[0m
[0m2021-03-09 22:19:05 V/Net 2027063275: Saving bdh session to cache[0m
[0m2021-03-09 22:19:05 V/Net 2027063275: Send: ConfigPushSvc.PushResp[0m
[0m2021-03-09 22:23:32 V/Net 2027063275: Send: Heartbeat.Alive[0m
[0m2021-03-09 22:23:32 V/Net 2027063275: Recv: Heartbeat.Alive.Response[0m
[0m2021-03-09 22:24:27 V/Net 2027063275: Send: OnlinePush.RespPush[0m
[0m2021-03-09 22:24:36 V/Net 2027063275: Send: OnlinePush.RespPush[0m
[0m2021-03-09 22:28:02 V/Net 2027063275: Send: Heartbeat.Alive[0m
[0m2021-03-09 22:28:02 V/Net 2027063275: Recv: Heartbeat.Alive.Response[0m
[0m2021-03-09 22:32:32 V/Net 2027063275: Send: Heartbeat.Alive[0m
[0m2021-03-09 22:32:32 V/Net 2027063275: Recv: Heartbeat.Alive.Response[0m
[0m2021-03-09 22:35:46 V/Net 2027063275: Channel closed.[0m
[0m2021-03-09 22:35:46 V/Net 2027063275: Loading BdhSession from cache file[0m
[92m2021-03-09 22:35:46 I/Net 2027063275: Connected to server 157.255.13.246:80[0m
[0m2021-03-09 22:35:46 V/Net 2027063275: Send: wtlogin.login[0m
[0m2021-03-09 22:35:47 V/Net 2027063275: Recv: WtLogin.Login.LoginPacketResponse.DeviceLockLogin[0m
[0m2021-03-09 22:35:47 V/Net 2027063275: Send: wtlogin.login[0m
[0m2021-03-09 22:35:47 V/Net 2027063275: Recv: LoginPacketResponse.Success[0m
[92m2021-03-09 22:35:47 I/Net 2027063275: Login successful[0m
[0m2021-03-09 22:35:47 V/Net 2027063275: Send: StatSvc.register[0m
[0m2021-03-09 22:35:47 V/Net 2027063275: Recv: Response(StatSvc.register)[0m
[92m2021-03-09 22:35:47 I/Net 2027063275: Scheduled key refresh in 5h 55min 0.0s.[0m
[92m2021-03-09 22:35:47 I/Net 2027063275: Syncing friend message history...[0m
[0m2021-03-09 22:35:47 V/Net 2027063275: Send: MessageSvc.PbGetMsg[0m
[0m2021-03-09 22:35:47 V/Net 2027063275: Send: MessageSvc.PbDeleteMsg[0m
[0m2021-03-09 22:35:47 V/Net 2027063275: Send: MessageSvc.PbGetMsg[0m
[0m2021-03-09 22:35:47 V/Net 2027063275: Send: MessageSvc.PbDeleteMsg[0m
[92m2021-03-09 22:35:47 I/Net 2027063275: Syncing friend message history: Success.[0m
[0m2021-03-09 22:35:50 V/Net 2027063275: Recv: ConfigPushSvc.PushReq.PushReqResponse.ServerListPush[0m
[92m2021-03-09 22:35:50 I/Net 2027063275: Server list updated.[0m
[0m2021-03-09 22:35:50 V/Net 2027063275: Saving bdh session to cache[0m
[0m2021-03-09 22:35:50 V/Net 2027063275: Saving server list to cache[0m
[0m2021-03-09 22:35:50 V/Net 2027063275: Send: ConfigPushSvc.PushResp[0m
[96m2021-03-09 22:35:50 D/Net 2027063275: Received unknown commandName: ConfigPushSvc.PushDomain[0m
[0m2021-03-09 22:35:50 V/Net 2027063275: Recv: ConfigPushSvc.PushReq.PushReqResponse.ConfigPush[0m
[0m2021-03-09 22:35:50 V/Net 2027063275: Saving bdh session to cache[0m
[0m2021-03-09 22:35:50 V/Net 2027063275: Send: ConfigPushSvc.PushResp[0m
[0m2021-03-09 22:40:17 V/Net 2027063275: Send: Heartbeat.Alive[0m
[0m2021-03-09 22:40:17 V/Net 2027063275: Recv: Heartbeat.Alive.Response[0m
[0m2021-03-09 22:42:20 V/Net 2027063275: Send: OnlinePush.RespPush[0m
[0m2021-03-09 22:42:29 V/Net 2027063275: Send: OnlinePush.RespPush[0m
[0m2021-03-09 22:44:47 V/Net 2027063275: Send: Heartbeat.Alive[0m
[0m2021-03-09 22:44:47 V/Net 2027063275: Recv: Heartbeat.Alive.Response[0m
[0m2021-03-09 22:49:17 V/Net 2027063275: Send: Heartbeat.Alive[0m
[0m2021-03-09 22:49:17 V/Net 2027063275: Recv: Heartbeat.Alive.Response[0m
[0m2021-03-09 22:52:32 V/Net 2027063275: Channel closed.[0m
[0m2021-03-09 22:52:32 V/Net 2027063275: Loading BdhSession from cache file[0m
[92m2021-03-09 22:52:32 I/Net 2027063275: Connected to server 221.198.69.46:443[0m
[0m2021-03-09 22:52:32 V/Net 2027063275: Send: wtlogin.login[0m
[0m2021-03-09 22:52:32 V/Net 2027063275: Recv: WtLogin.Login.LoginPacketResponse.DeviceLockLogin[0m
[0m2021-03-09 22:52:32 V/Net 2027063275: Send: wtlogin.login[0m
[0m2021-03-09 22:52:32 V/Net 2027063275: Recv: LoginPacketResponse.Success[0m
[92m2021-03-09 22:52:32 I/Net 2027063275: Login successful[0m
[0m2021-03-09 22:52:32 V/Net 2027063275: Send: StatSvc.register[0m
[0m2021-03-09 22:52:32 V/Net 2027063275: Recv: Response(StatSvc.register)[0m
[92m2021-03-09 22:52:32 I/Net 2027063275: Scheduled key refresh in 5h 55min 0.0s.[0m
[92m2021-03-09 22:52:32 I/Net 2027063275: Syncing friend message history...[0m
[0m2021-03-09 22:52:32 V/Net 2027063275: Send: MessageSvc.PbGetMsg[0m
[0m2021-03-09 22:52:32 V/Net 2027063275: Send: MessageSvc.PbDeleteMsg[0m
[0m2021-03-09 22:52:32 V/Net 2027063275: Send: MessageSvc.PbGetMsg[0m
[0m2021-03-09 22:52:32 V/Net 2027063275: Send: MessageSvc.PbDeleteMsg[0m
[92m2021-03-09 22:52:32 I/Net 2027063275: Syncing friend message history: Success.[0m
[0m2021-03-09 22:52:35 V/Net 2027063275: Recv: ConfigPushSvc.PushReq.PushReqResponse.ServerListPush[0m
[92m2021-03-09 22:52:35 I/Net 2027063275: Server list updated.[0m
[0m2021-03-09 22:52:35 V/Net 2027063275: Saving bdh session to cache[0m
[0m2021-03-09 22:52:35 V/Net 2027063275: Saving server list to cache[0m
[0m2021-03-09 22:52:35 V/Net 2027063275: Send: ConfigPushSvc.PushResp[0m
[96m2021-03-09 22:52:35 D/Net 2027063275: Received unknown commandName: ConfigPushSvc.PushDomain[0m
[0m2021-03-09 22:52:35 V/Net 2027063275: Recv: ConfigPushSvc.PushReq.PushReqResponse.ConfigPush[0m
[0m2021-03-09 22:52:35 V/Net 2027063275: Saving bdh session to cache[0m
[0m2021-03-09 22:52:35 V/Net 2027063275: Send: ConfigPushSvc.PushResp[0m
[0m2021-03-09 22:55:49 V/Net 2027063275: Send: OnlinePush.RespPush[0m
[0m2021-03-09 22:55:58 V/Net 2027063275: Send: OnlinePush.RespPush[0m
[0m2021-03-09 22:57:02 V/Net 2027063275: Send: Heartbeat.Alive[0m
[0m2021-03-09 22:57:02 V/Net 2027063275: Recv: Heartbeat.Alive.Response[0m
[0m2021-03-09 23:01:31 V/Net 2027063275: Send: MultiMsg.ApplyDown[0m
[0m2021-03-09 23:01:31 V/Net 2027063275: Recv: MultiMsg.ApplyDown.Response[0m
[0m2021-03-09 23:01:31 V/Net 2027063275: [Http] Downloading forward message from https://ssl.htdata.qq.com:443[0m
[0m2021-03-09 23:01:31 V/Net 2027063275: Send: OnlinePush.RespPush[0m
[0m2021-03-09 23:01:31 V/Net 2027063275: [Http] Downloading forward message: succeed[0m
[0m2021-03-09 23:01:32 V/Net 2027063275: Send: Heartbeat.Alive[0m
[0m2021-03-09 23:01:32 V/Net 2027063275: Recv: Heartbeat.Alive.Response[0m
[0m2021-03-09 23:01:40 V/Net 2027063275: Send: OnlinePush.RespPush[0m
[0m2021-03-09 23:03:04 V/Net 2027063275: Send: MultiMsg.ApplyDown[0m
[0m2021-03-09 23:03:04 V/Net 2027063275: Recv: MultiMsg.ApplyDown.Response[0m
[0m2021-03-09 23:03:04 V/Net 2027063275: [Http] Downloading forward message from https://ssl.htdata.qq.com:443[0m
[0m2021-03-09 23:03:04 V/Net 2027063275: [Http] Downloading forward message from https://ssl.htdata.qq.com:443 failed: java.io.IOException: unexpected end of stream on https://ssl.htdata.qq.com/...[0m
[0m2021-03-09 23:03:04 V/Net 2027063275: [Http] Downloading forward message from https://ssl.htdata.qq.com:443[0m
[0m2021-03-09 23:03:05 V/Net 2027063275: [Http] Downloading forward message: succeed[0m
[0m2021-03-09 23:06:02 V/Net 2027063275: Send: Heartbeat.Alive[0m
[0m2021-03-09 23:06:02 V/Net 2027063275: Recv: Heartbeat.Alive.Response[0m
[0m2021-03-09 23:07:53 V/Net 2027063275: Send: OnlinePush.RespPush[0m
[0m2021-03-09 23:08:02 V/Net 2027063275: Send: OnlinePush.RespPush[0m
[0m2021-03-09 23:10:32 V/Net 2027063275: Send: Heartbeat.Alive[0m
[0m2021-03-09 23:10:32 V/Net 2027063275: Recv: Heartbeat.Alive.Response[0m
[0m2021-03-09 23:14:02 V/Net 2027063275: Send: OnlinePush.RespPush[0m
[0m2021-03-09 23:14:10 V/Net 2027063275: Send: OnlinePush.RespPush[0m
[0m2021-03-09 23:15:02 V/Net 2027063275: Send: Heartbeat.Alive[0m
[0m2021-03-09 23:15:02 V/Net 2027063275: Recv: Heartbeat.Alive.Response[0m
[0m2021-03-09 23:18:16 V/Net 2027063275: Channel closed.[0m
[0m2021-03-09 23:18:16 V/Net 2027063275: Loading BdhSession from cache file[0m
[92m2021-03-09 23:18:16 I/Net 2027063275: Connected to server 109.244.170.159:14000[0m
[0m2021-03-09 23:18:16 V/Net 2027063275: Send: wtlogin.login[0m
[0m2021-03-09 23:18:16 V/Net 2027063275: Recv: WtLogin.Login.LoginPacketResponse.DeviceLockLogin[0m
[0m2021-03-09 23:18:16 V/Net 2027063275: Send: wtlogin.login[0m
[0m2021-03-09 23:18:16 V/Net 2027063275: Recv: LoginPacketResponse.Success[0m
[92m2021-03-09 23:18:16 I/Net 2027063275: Login successful[0m
[0m2021-03-09 23:18:16 V/Net 2027063275: Send: StatSvc.register[0m
[0m2021-03-09 23:18:16 V/Net 2027063275: Recv: Response(StatSvc.register)[0m
[92m2021-03-09 23:18:16 I/Net 2027063275: Scheduled key refresh in 5h 55min 0.0s.[0m
[92m2021-03-09 23:18:16 I/Net 2027063275: Syncing friend message history...[0m
[0m2021-03-09 23:18:16 V/Net 2027063275: Send: MessageSvc.PbGetMsg[0m
[0m2021-03-09 23:18:16 V/Net 2027063275: Send: MessageSvc.PbDeleteMsg[0m
[0m2021-03-09 23:18:16 V/Net 2027063275: Send: MessageSvc.PbGetMsg[0m
[0m2021-03-09 23:18:16 V/Net 2027063275: Send: MessageSvc.PbDeleteMsg[0m
[92m2021-03-09 23:18:16 I/Net 2027063275: Syncing friend message history: Success.[0m
[0m2021-03-09 23:18:19 V/Net 2027063275: Recv: ConfigPushSvc.PushReq.PushReqResponse.ServerListPush[0m
[92m2021-03-09 23:18:19 I/Net 2027063275: Server list updated.[0m
[0m2021-03-09 23:18:19 V/Net 2027063275: Saving bdh session to cache[0m
[0m2021-03-09 23:18:19 V/Net 2027063275: Saving server list to cache[0m
[0m2021-03-09 23:18:19 V/Net 2027063275: Send: ConfigPushSvc.PushResp[0m
[96m2021-03-09 23:18:19 D/Net 2027063275: Received unknown commandName: ConfigPushSvc.PushDomain[0m
[0m2021-03-09 23:18:19 V/Net 2027063275: Recv: ConfigPushSvc.PushReq.PushReqResponse.ConfigPush[0m
[0m2021-03-09 23:18:19 V/Net 2027063275: Saving bdh session to cache[0m
[0m2021-03-09 23:18:19 V/Net 2027063275: Send: ConfigPushSvc.PushResp[0m
[0m2021-03-09 23:19:48 V/Net 2027063275: Send: OnlinePush.RespPush[0m
[0m2021-03-09 23:19:57 V/Net 2027063275: Send: OnlinePush.RespPush[0m
[0m2021-03-09 23:22:46 V/Net 2027063275: Send: Heartbeat.Alive[0m
[0m2021-03-09 23:22:46 V/Net 2027063275: Recv: Heartbeat.Alive.Response[0m
[0m2021-03-09 23:24:11 V/Net 2027063275: Send: OnlinePush.RespPush[0m
[0m2021-03-09 23:24:11 V/Net 2027063275: Recv: RequestPushNotify(uin=2027063275, ctype=1, strService=MessageSvc, strCmd=PushNotify, usMsgType=45, stMsgInfo=net.mamoe.mirai.internal.network.protocol.data.jce.MsgInfo@1c8deb17)[0m
[0m2021-03-09 23:24:11 V/Net 2027063275: Send: MessageSvc.PbGetMsg[0m
[0m2021-03-09 23:24:20 V/Net 2027063275: Send: OnlinePush.RespPush[0m
[0m2021-03-09 23:27:08 V/Net 2027063275: Send: OnlinePush.RespPush[0m
[0m2021-03-09 23:27:16 V/Net 2027063275: Send: OnlinePush.RespPush[0m
[0m2021-03-09 23:27:16 V/Net 2027063275: Send: Heartbeat.Alive[0m
[0m2021-03-09 23:27:16 V/Net 2027063275: Recv: Heartbeat.Alive.Response[0m
[0m2021-03-09 23:31:46 V/Net 2027063275: Send: Heartbeat.Alive[0m
[0m2021-03-09 23:31:46 V/Net 2027063275: Recv: Heartbeat.Alive.Response[0m
[0m2021-03-09 23:34:10 V/Net 2027063275: Send: OnlinePush.RespPush[0m
[0m2021-03-09 23:34:18 V/Net 2027063275: Send: OnlinePush.RespPush[0m
[0m2021-03-09 23:36:16 V/Net 2027063275: Send: Heartbeat.Alive[0m
[0m2021-03-09 23:36:16 V/Net 2027063275: Recv: Heartbeat.Alive.Response[0m
[0m2021-03-09 23:39:18 V/Net 2027063275: Send: OnlinePush.RespPush[0m
[0m2021-03-09 23:39:26 V/Net 2027063275: Send: OnlinePush.RespPush[0m
[0m2021-03-09 23:40:46 V/Net 2027063275: Send: Heartbeat.Alive[0m
[0m2021-03-09 23:40:46 V/Net 2027063275: Recv: Heartbeat.Alive.Response[0m
[0m2021-03-09 23:40:57 V/Net 2027063275: Channel closed.[0m
[0m2021-03-09 23:41:03 V/Net 2027063275: Loading BdhSession from cache file[0m
[92m2021-03-09 23:41:03 I/Net 2027063275: Connected to server 120.232.22.107:443[0m
[0m2021-03-09 23:41:03 V/Net 2027063275: Send: wtlogin.login[0m
[0m2021-03-09 23:41:03 V/Net 2027063275: Recv: WtLogin.Login.LoginPacketResponse.DeviceLockLogin[0m
[0m2021-03-09 23:41:03 V/Net 2027063275: Send: wtlogin.login[0m
[0m2021-03-09 23:41:04 V/Net 2027063275: Recv: LoginPacketResponse.Success[0m
[92m2021-03-09 23:41:04 I/Net 2027063275: Login successful[0m
[0m2021-03-09 23:41:04 V/Net 2027063275: Send: StatSvc.register[0m
[0m2021-03-09 23:41:04 V/Net 2027063275: Recv: Response(StatSvc.register)[0m
[92m2021-03-09 23:41:04 I/Net 2027063275: Scheduled key refresh in 5h 55min 0.0s.[0m
[92m2021-03-09 23:41:04 I/Net 2027063275: Syncing friend message history...[0m
[0m2021-03-09 23:41:04 V/Net 2027063275: Send: MessageSvc.PbGetMsg[0m
[0m2021-03-09 23:41:04 V/Net 2027063275: Send: MessageSvc.PbDeleteMsg[0m
[0m2021-03-09 23:41:04 V/Net 2027063275: Send: MessageSvc.PbGetMsg[0m
[0m2021-03-09 23:41:04 V/Net 2027063275: Send: MessageSvc.PbDeleteMsg[0m
[92m2021-03-09 23:41:04 I/Net 2027063275: Syncing friend message history: Success.[0m
[0m2021-03-09 23:41:07 V/Net 2027063275: Recv: ConfigPushSvc.PushReq.PushReqResponse.ServerListPush[0m
[92m2021-03-09 23:41:07 I/Net 2027063275: Server list updated.[0m
[0m2021-03-09 23:41:07 V/Net 2027063275: Saving bdh session to cache[0m
[0m2021-03-09 23:41:07 V/Net 2027063275: Saving server list to cache[0m
[0m2021-03-09 23:41:07 V/Net 2027063275: Send: ConfigPushSvc.PushResp[0m
[0m2021-03-09 23:41:07 V/Net 2027063275: Recv: ConfigPushSvc.PushReq.PushReqResponse.ConfigPush[0m
[0m2021-03-09 23:41:07 V/Net 2027063275: Saving bdh session to cache[0m
[0m2021-03-09 23:41:07 V/Net 2027063275: Send: ConfigPushSvc.PushResp[0m
[96m2021-03-09 23:41:07 D/Net 2027063275: Received unknown commandName: ConfigPushSvc.PushDomain[0m
[0m2021-03-09 23:45:34 V/Net 2027063275: Send: Heartbeat.Alive[0m
[0m2021-03-09 23:45:34 V/Net 2027063275: Recv: Heartbeat.Alive.Response[0m
[0m2021-03-09 23:47:43 V/Net 2027063275: Send: OnlinePush.RespPush[0m
[0m2021-03-09 23:47:51 V/Net 2027063275: Send: OnlinePush.RespPush[0m
[0m2021-03-09 23:50:04 V/Net 2027063275: Send: Heartbeat.Alive[0m
[0m2021-03-09 23:50:04 V/Net 2027063275: Recv: Heartbeat.Alive.Response[0m
[0m2021-03-09 23:53:07 V/Net 2027063275: Send: OnlinePush.RespPush[0m
[0m2021-03-09 23:53:16 V/Net 2027063275: Send: OnlinePush.RespPush[0m
[0m2021-03-09 23:54:14 V/Net 2027063275: Send: OnlinePush.RespPush[0m
[0m2021-03-09 23:54:22 V/Net 2027063275: Send: OnlinePush.RespPush[0m
[0m2021-03-09 23:54:34 V/Net 2027063275: Send: Heartbeat.Alive[0m
[0m2021-03-09 23:54:34 V/Net 2027063275: Recv: Heartbeat.Alive.Response[0m
[0m2021-03-09 23:57:49 V/Net 2027063275: Channel closed.[0m
[0m2021-03-09 23:57:49 V/Net 2027063275: Loading BdhSession from cache file[0m
[92m2021-03-09 23:57:49 I/Net 2027063275: Connected to server 120.232.19.182:443[0m
[0m2021-03-09 23:57:49 V/Net 2027063275: Send: wtlogin.login[0m
[0m2021-03-09 23:57:49 V/Net 2027063275: Recv: WtLogin.Login.LoginPacketResponse.DeviceLockLogin[0m
[0m2021-03-09 23:57:49 V/Net 2027063275: Send: wtlogin.login[0m
[0m2021-03-09 23:57:49 V/Net 2027063275: Recv: LoginPacketResponse.Success[0m
[92m2021-03-09 23:57:49 I/Net 2027063275: Login successful[0m
[0m2021-03-09 23:57:49 V/Net 2027063275: Send: StatSvc.register[0m
[0m2021-03-09 23:57:49 V/Net 2027063275: Recv: Response(StatSvc.register)[0m
[92m2021-03-09 23:57:49 I/Net 2027063275: Scheduled key refresh in 5h 55min 0.0s.[0m
[92m2021-03-09 23:57:49 I/Net 2027063275: Syncing friend message history...[0m
[0m2021-03-09 23:57:49 V/Net 2027063275: Send: MessageSvc.PbGetMsg[0m
[0m2021-03-09 23:57:49 V/Net 2027063275: Send: MessageSvc.PbDeleteMsg[0m
[0m2021-03-09 23:57:49 V/Net 2027063275: Send: MessageSvc.PbGetMsg[0m
[0m2021-03-09 23:57:49 V/Net 2027063275: Send: MessageSvc.PbDeleteMsg[0m
[92m2021-03-09 23:57:49 I/Net 2027063275: Syncing friend message history: Success.[0m
[0m2021-03-09 23:57:52 V/Net 2027063275: Recv: ConfigPushSvc.PushReq.PushReqResponse.ConfigPush[0m
[0m2021-03-09 23:57:52 V/Net 2027063275: Saving bdh session to cache[0m
[0m2021-03-09 23:57:52 V/Net 2027063275: Send: ConfigPushSvc.PushResp[0m
[96m2021-03-09 23:57:52 D/Net 2027063275: Received unknown commandName: ConfigPushSvc.PushDomain[0m
[0m2021-03-09 23:58:21 V/Net 2027063275: Send: OnlinePush.RespPush[0m
[0m2021-03-09 23:58:29 V/Net 2027063275: Send: OnlinePush.RespPush[0m
[0m2021-03-09 23:59:15 V/Net 2027063275: Send: OnlinePush.RespPush[0m
[0m2021-03-09 23:59:24 V/Net 2027063275: Send: OnlinePush.RespPush[0m
